make all --print-data-base --no-builtin-variables --no-builtin-rules --question
# GNU Make 3.81
# Copyright (C) 2006  Free Software Foundation, Inc.
# This is free software; see the source for copying conditions.
# There is NO warranty; not even for MERCHANTABILITY or FITNESS FOR A
# PARTICULAR PURPOSE.

# This program built for i386-apple-darwin11.3.0
 

# Make data base, printed on Sun May 22 20:13:04 2022

# Variables

# environment
VSCODE_GIT_ASKPASS_MAIN = /private/var/folders/5x/l039kxn57qn3d_rjl10609g00000gn/T/AppTranslocation/F41DDBAF-3F00-4C68-BCBA-C17DBCE568E5/d/Visual Studio Code.app/Contents/Resources/app/extensions/git/dist/askpass-main.js
# automatic
<D = $(patsubst %/,%,$(dir $<))
# automatic
?F = $(notdir $?)
# environment
VSCODE_LOG_NATIVE = false
# automatic
?D = $(patsubst %/,%,$(dir $?))
# automatic
@D = $(patsubst %/,%,$(dir $@))
# automatic
@F = $(notdir $@)
# makefile
CURDIR := /Users/baggiseon/workspace/42project/pipex
# makefile
SHELL = /bin/sh
# makefile (from `Makefile', line 17)
RM = rm
# environment
VSCODE_NLS_CONFIG = {"locale":"ko","availableLanguages":{},"_languagePackSupport":true}
# environment
_ = /usr/bin/make
# makefile (from `Makefile', line 1)
MAKEFILE_LIST :=  Makefile
# makefile (from `Makefile', line 30)
OBJ_DIR = ./obj
# makefile (from `Makefile', line 31)
OBJ_FILE = $(addprefix $(OBJ_DIR)/, $(SRCS:.c=.o))
# environment
VSCODE_VERBOSE_LOGGING = true
# environment
__CFBundleIdentifier = com.microsoft.VSCode
# environment
INFOPATH = /opt/homebrew/share/info:/opt/homebrew/share/info:
# environment
VSCODE_IPC_HOOK_EXTHOST = /var/folders/5x/l039kxn57qn3d_rjl10609g00000gn/T/vscode-ipc-1bc2c41f-a631-475d-9f7b-a44b3a210bce.sock
# environment
VSCODE_CWD = /Users/baggiseon/workspace/42project/pipex
# environment
PATH = /opt/homebrew/bin:/opt/homebrew/sbin:/usr/local/bin:/usr/bin:/bin:/usr/sbin:/sbin:/opt/homebrew/bin:/opt/homebrew/sbin
# makefile (from `Makefile', line 18)
RM_FLAG = -rf
# makefile (from `Makefile', line 28)
VPATH = $(ls -l)
# environment
VSCODE_LOG_STACK = false
# environment
ELECTRON_RUN_AS_NODE = 1
# default
.FEATURES := target-specific order-only second-expansion else-if archives jobserver check-symlink
# makefile (from `Makefile', line 19)
LIBFT_DIR = libft
# environment
SSH_AUTH_SOCK = /private/tmp/com.apple.launchd.Fa4OP9unPn/Listeners
# automatic
%F = $(notdir $%)
# environment
VSCODE_PIPE_LOGGING = true
# environment
PWD = /Users/baggiseon/workspace/42project/pipex
# environment
HOMEBREW_CELLAR = /opt/homebrew/Cellar
# environment
ORIGINAL_XDG_CURRENT_DESKTOP = undefined
# environment
MANPATH = /opt/homebrew/share/man:/usr/share/man:/usr/local/share/man:/opt/homebrew/share/man:
# environment
VSCODE_AMD_ENTRYPOINT = vs/workbench/services/extensions/node/extensionHostProcess
# environment
HOME = /Users/baggiseon
# default
MAKEFILEPATH = $(shell /usr/bin/xcode-select -print-path 2>/dev/null || echo /Developer)/Makefiles
# environment
VSCODE_CODE_CACHE_PATH = /Users/baggiseon/Library/Application Support/Code/CachedData/f80445acd5a3dadef24aa209168452a3d97cc326
# environment
LOGNAME = baggiseon
# environment
APPLICATION_INSIGHTS_NO_DIAGNOSTIC_CHANNEL = 1
# environment
VSCODE_HANDLES_UNCAUGHT_ERRORS = true
# automatic
^D = $(patsubst %/,%,$(dir $^))
# makefile (from `Makefile', line 21)
TEST = -fsanitize=address -g3
# environment
MAKELEVEL := 0
# environment
XPC_FLAGS = 0x0
# environment
COLORTERM = truecolor
# default
MAKE = $(MAKE_COMMAND)
# default
MAKECMDGOALS := all
# makefile (from `Makefile', line 23)
SRCS = pipex.c error.c parse.c child.c system_call_utils.c	
# environment
SHLVL = 2
# makefile (from `Makefile', line 15)
CC = cc
# default
MAKE_VERSION := 3.81
# environment
USER = baggiseon
# makefile
.DEFAULT_GOAL := all
# makefile (from `Makefile', line 13)
NAME = pipex
# automatic
%D = $(patsubst %/,%,$(dir $%))
# default
MAKE_COMMAND := /Library/Developer/CommandLineTools/usr/bin/make
# environment
VSCODE_GIT_ASKPASS_EXTRA_ARGS = --ms-enable-electron-run-as-node
# environment
TERM_PROGRAM = vscode
# default
.VARIABLES := 
# environment
TMPDIR = /var/folders/5x/l039kxn57qn3d_rjl10609g00000gn/T/
# automatic
*F = $(notdir $*)
# environment
VSCODE_IPC_HOOK = /Users/baggiseon/Library/Application Support/Code/1.64.2-main.sock
# environment
VSCODE_GIT_ASKPASS_NODE = /private/var/folders/5x/l039kxn57qn3d_rjl10609g00000gn/T/AppTranslocation/F41DDBAF-3F00-4C68-BCBA-C17DBCE568E5/d/Visual Studio Code.app/Contents/MacOS/Electron
# makefile
MAKEFLAGS = Rrqp
# environment
MFLAGS = -Rrqp
# automatic
*D = $(patsubst %/,%,$(dir $*))
# environment
TERM_PROGRAM_VERSION = 1.64.2
# environment
XPC_SERVICE_NAME = application.com.microsoft.VSCode.589463.589469.BF571C3F-C8C0-4691-BFCB-8A55C09C5C77
# environment
HOMEBREW_PREFIX = /opt/homebrew
# automatic
+D = $(patsubst %/,%,$(dir $+))
# automatic
+F = $(notdir $+)
# environment
HOMEBREW_REPOSITORY = /opt/homebrew
# environment
__CF_USER_TEXT_ENCODING = 0x1F5:0x3:0x33
# environment
COMMAND_MODE = unix2003
# environment
GIT_ASKPASS = /private/var/folders/5x/l039kxn57qn3d_rjl10609g00000gn/T/AppTranslocation/F41DDBAF-3F00-4C68-BCBA-C17DBCE568E5/d/Visual Studio Code.app/Contents/Resources/app/extensions/git/dist/askpass.sh
# default
MAKEFILES := 
# makefile (from `Makefile', line 16)
CC_FLAG = -Wextra -Wall -Werror
# automatic
<F = $(notdir $<)
# environment
LC_ALL = C
# automatic
^F = $(notdir $^)
# default
SUFFIXES := 
# environment
VSCODE_GIT_IPC_HANDLE = /var/folders/5x/l039kxn57qn3d_rjl10609g00000gn/T/vscode-git-b18dd287f3.sock
# environment
LANG = C
# environment
TERM = xterm-256color
# environment
VSCODE_PID = 923
# makefile (from `Makefile', line 20)
LIBFT_LIB = libft.a
# variable set hash-table stats:
# Load=87/1024=8%, Rehash=0, Collisions=6/117=5%

# Pattern-specific Variable Values

# No pattern-specific variable values.

# Directories

# . (device 16777232, inode 1646204): 17 files, no impossibilities.

# 17 files, no impossibilities in 1 directories.

# Implicit Rules

obj/%.o: %.c
#  commands to execute (from `Makefile', line 34):
	@mkdir -p $(OBJ_DIR)
	$(CC) $(CC_FLAG) -c $< -o $@
	

# 1 implicit rules, 0 (0.0%) terminal.

# Files

all: pipex
#  Command-line target.
#  Implicit rule search has been done.
#  File does not exist.
#  File has been updated.
#  Successfully updated.
# variable set hash-table stats:
# Load=0/32=0%, Rehash=0, Collisions=0/0=0%

.Phony: all clean fclean re
#  Implicit rule search has not been done.
#  Modification time never checked.
#  File has not been updated.

# Not a target:
.SUFFIXES:
#  Implicit rule search has not been done.
#  Modification time never checked.
#  File has not been updated.

# Not a target:
Makefile:
#  Implicit rule search has been done.
#  Last modified 2022-05-22 20:13:02
#  File has been updated.
#  Successfully updated.
# variable set hash-table stats:
# Load=0/32=0%, Rehash=0, Collisions=0/0=0%

obj/error.o: error.c
#  Implicit rule search has been done.
#  Implicit/static pattern stem: `error'
#  Last modified 2022-05-22 20:11:07
#  File has been updated.
#  Successfully updated.
# variable set hash-table stats:
# Load=0/32=0%, Rehash=0, Collisions=0/0=0%
#  commands to execute (from `Makefile', line 34):
	@mkdir -p $(OBJ_DIR)
	$(CC) $(CC_FLAG) -c $< -o $@
	

debug:
#  Implicit rule search has not been done.
#  Modification time never checked.
#  File has not been updated.
#  commands to execute (from `Makefile', line 45):
	@make -sC $(LIBFT_DIR)
	@cp $(LIBFT_DIR)/$(LIBFT_LIB) .
	@$(CC) $(CC_FLAG) -g -o $(NAME) $(SRCS) $(LIBFT_LIB)
	

# Not a target:
pipex.c:
#  Implicit rule search has been done.
#  Last modified 2022-05-22 20:05:02
#  File has been updated.
#  Successfully updated.
# variable set hash-table stats:
# Load=0/32=0%, Rehash=0, Collisions=0/0=0%

obj/child.o: child.c
#  Implicit rule search has been done.
#  Implicit/static pattern stem: `child'
#  Last modified 2022-05-22 20:11:07
#  File has been updated.
#  Successfully updated.
# variable set hash-table stats:
# Load=0/32=0%, Rehash=0, Collisions=0/0=0%
#  commands to execute (from `Makefile', line 34):
	@mkdir -p $(OBJ_DIR)
	$(CC) $(CC_FLAG) -c $< -o $@
	

obj/system_call_utils.o: system_call_utils.c
#  Implicit rule search has been done.
#  Implicit/static pattern stem: `system_call_utils'
#  Last modified 2022-05-22 20:11:07
#  File has been updated.
#  Successfully updated.
# variable set hash-table stats:
# Load=0/32=0%, Rehash=0, Collisions=0/0=0%
#  commands to execute (from `Makefile', line 34):
	@mkdir -p $(OBJ_DIR)
	$(CC) $(CC_FLAG) -c $< -o $@
	

 
obj/pipex.o: pipex.c
#  Implicit rule search has been done.
#  Implicit/static pattern stem: `pipex'
#  Last modified 2022-05-22 20:11:07
#  File has been updated.
#  Successfully updated.
# variable set hash-table stats:
# Load=0/32=0%, Rehash=0, Collisions=0/0=0%
#  commands to execute (from `Makefile', line 34):
	@mkdir -p $(OBJ_DIR)
	$(CC) $(CC_FLAG) -c $< -o $@
	

fclean: clean
#  Implicit rule search has not been done.
#  Modification time never checked.
#  File has not been updated.
#  commands to execute (from `Makefile', line 53):
	@make -sC $(LIBFT_DIR) fclean
	$(RM) $(RM_FLAG) $^ $(NAME)
	$(RM) $(RM_FLAG) $(LIBFT_LIB)
	@$(RM) $(RM_FLAG) out*
	

# Not a target:
parse.c:
#  Implicit rule search has been done.
#  Last modified 2022-05-22 19:56:31
#  File has been updated.
#  Successfully updated.
# variable set hash-table stats:
# Load=0/32=0%, Rehash=0, Collisions=0/0=0%

# Not a target:
.DEFAULT:
#  Implicit rule search has not been done.
#  Modification time never checked.
#  File has not been updated.

re:
#  Implicit rule search has not been done.
#  Modification time never checked.
#  File has not been updated.
#  commands to execute (from `Makefile', line 59):
	make fclean
	make
	

obj/parse.o: parse.c
#  Implicit rule search has been done.
#  Implicit/static pattern stem: `parse'
#  Last modified 2022-05-22 20:11:07
#  File has been updated.
#  Successfully updated.
# variable set hash-table stats:
# Load=0/32=0%, Rehash=0, Collisions=0/0=0%
#  commands to execute (from `Makefile', line 34):
	@mkdir -p $(OBJ_DIR)
	$(CC) $(CC_FLAG) -c $< -o $@
	

clean:
#  Implicit rule search has not been done.
#  Modification time never checked.
#  File has not been updated.
#  commands to execute (from `Makefile', line 50):
	@$(RM) $(RM_FLAG) $(OBJ_DIR)
	

# Not a target:
error.c:
#  Implicit rule search has been done.
#  Last modified 2022-05-22 20:09:35
#  File has been updated.
#  Successfully updated.
# variable set hash-table stats:
# Load=0/32=0%, Rehash=0, Collisions=0/0=0%

# Not a target:
child.c:
#  Implicit rule search has been done.
#  Last modified 2022-05-22 20:07:41
#  File has been updated.
#  Successfully updated.
# variable set hash-table stats:
# Load=0/32=0%, Rehash=0, Collisions=0/0=0%

# Not a target:
system_call_utils.c:
#  Implicit rule search has been done.
#  Last modified 2022-05-22 19:56:31
#  File has been updated.
#  Successfully updated.
# variable set hash-table stats:
# Load=0/32=0%, Rehash=0, Collisions=0/0=0%

pipex: obj/pipex.o obj/error.o obj/parse.o obj/child.o obj/system_call_utils.o
#  Implicit rule search has not been done.
#  Last modified 2022-05-22 20:11:08
#  File has been updated.
#  Successfully updated.
# variable set hash-table stats:
# Load=0/32=0%, Rehash=0, Collisions=0/0=0%
#  commands to execute (from `Makefile', line 40):
	@make -sC $(LIBFT_DIR)
	@cp $(LIBFT_DIR)/$(LIBFT_LIB) .
	@$(CC) $(CC_FLAG) -g -o $@ $^ $(LIBFT_LIB)
	

# files hash-table stats:
 
# Load=20/1024=2%, Rehash=0, Collisions=0/59=0%
# VPATH Search Paths

# No `vpath' search paths.

# No general (`VPATH' variable) search path.

# # of strings in strcache: 1
# # of strcache buffers: 1
# strcache size: total = 4096 / max = 4096 / min = 4096 / avg = 4096
# strcache free: total = 4087 / max = 4087 / min = 4087 / avg = 4087

# Finished Make data base on Sun May 22 20:13:04 2022

 
