make all --print-data-base --no-builtin-variables --no-builtin-rules --question
# GNU Make 3.81
# Copyright (C) 2006  Free Software Foundation, Inc.
# This is free software; see the source for copying conditions.
# There is NO warranty; not even for MERCHANTABILITY or FITNESS FOR A
# PARTICULAR PURPOSE.

# This program built for i386-apple-darwin11.3.0

# Make data base, printed on Mon Feb 28 21:32:49 2022

# Variables

# automatic
<D = $(patsubst %/,%,$(dir $<))
# automatic
?F = $(notdir $?)
# makefile (from `Makefile', line 37)
SRC = $(format_src) $(util) $(ft_printf) 
# automatic
?D = $(patsubst %/,%,$(dir $?))
# automatic
@D = $(patsubst %/,%,$(dir $@))
# automatic
@F = $(notdir $@)
# makefile
CURDIR := /Users/kipark/workspace/printf/42_ft_printf
# makefile
SHELL = /bin/sh
# makefile (from `Makefile', line 18)
RM = rm
# environment
VSCODE_NLS_CONFIG = {"locale":"en-us","availableLanguages":{},"_languagePackSupport":true}
# environment
_ = /usr/bin/make
# makefile (from `Makefile', line 16)
CFLAGS = -Wall -Wextra -Werror
# makefile (from `Makefile', line 22)
AR_FLAGS = crs
# makefile (from `Makefile', line 1)
MAKEFILE_LIST :=  Makefile
# environment
VSCODE_NODE_CACHED_DATA_DIR = 
# makefile (from `Makefile', line 41)
OBJ_FILE = $(SRC:.c=.o)
# environment
VERBOSE_LOGGING = true
# environment
VSCODE_LOGS = /Users/kipark/Library/Application Support/Code/logs/20220228T202252
# makefile (from `Makefile', line 35)
ft_printf = ft_printf.c
# environment
VSCODE_IPC_HOOK_EXTHOST = /var/folders/zz/zyxvpxvq6csfxvn_n000clk00034wh/T/vscode-ipc-74db921f-2af1-4782-8c3f-0260845bcf9a.sock
# environment
PATH = /usr/local/bin:/usr/bin:/bin:/usr/sbin:/sbin:/usr/local/munki
# environment
LaunchInstanceID = 7B44C1FB-E324-404A-9ECE-6D7668BE7454
# makefile (from `Makefile', line 21)
AR = ar
# environment
VSCODE_LOG_STACK = false
# makefile (from `Makefile', line 24)
format_src = format/ft_printf_format_c.c format/ft_printf_format_d.c format/ft_printf_format_i.c format/ft_printf_format_p.c format/ft_printf_format_s.c format/ft_printf_format_u.c format/ft_printf_format_x_x.c format/ft_printf_format_x.c 
# environment
ELECTRON_RUN_AS_NODE = 1
# default
.FEATURES := target-specific order-only second-expansion else-if archives jobserver check-symlink
# environment
SSH_AUTH_SOCK = /private/tmp/com.apple.launchd.jkfMnUZRx2/Listeners
# automatic
%F = $(notdir $%)
# environment
PWD = /Users/kipark/workspace/printf/42_ft_printf
# environment
HOME = /Users/kipark
# default
MAKEFILEPATH := /Applications/Xcode.app/Contents/Developer/Makefiles
# environment
LOGNAME = kipark
# environment
 
APPLICATION_INSIGHTS_NO_DIAGNOSTIC_CHANNEL = true
# environment
VSCODE_HANDLES_UNCAUGHT_ERRORS = true
# automatic
^D = $(patsubst %/,%,$(dir $^))
# environment
XPC_FLAGS = 0x0
# default
MAKE = $(MAKE_COMMAND)
# default
MAKECMDGOALS := all
# environment
SHLVL = 1
# makefile (from `Makefile', line 15)
CC = gcc
# default
MAKE_VERSION := 3.81
# environment
AMD_ENTRYPOINT = vs/workbench/services/extensions/node/extensionHostProcess
# environment
USER = kipark
# makefile
.DEFAULT_GOAL := all
# makefile (from `Makefile', line 13)
NAME = libftprintf.a
# environment
PIPE_LOGGING = true
# automatic
%D = $(patsubst %/,%,$(dir $%))
# default
MAKE_COMMAND := /Applications/Xcode.app/Contents/Developer/usr/bin/make
# default
.VARIABLES := 
# environment
TMPDIR = /var/folders/zz/zyxvpxvq6csfxvn_n000clk00034wh/T/
# automatic
*F = $(notdir $*)
# environment
VSCODE_IPC_HOOK = /Users/kipark/Library/Application Support/Code/1.39.2-main.sock
# makefile
MAKEFLAGS = Rrqp
# environment
MFLAGS = -Rrqp
# automatic
*D = $(patsubst %/,%,$(dir $*))
# environment
XPC_SERVICE_NAME = com.apple.xpc.launchd.oneshot.0x10000001.Electron
# automatic
+D = $(patsubst %/,%,$(dir $+))
# automatic
+F = $(notdir $+)
# environment
__CF_USER_TEXT_ENCODING = 0x19390:0x0:0x0
# environment
COMMAND_MODE = unix2003
# default
MAKEFILES := 
# automatic
<F = $(notdir $<)
# makefile (from `Makefile', line 19)
RM_FLAGS = -f
# environment
LC_ALL = C
# environment
SECURITYSESSIONID = 186a6
# automatic
^F = $(notdir $^)
# default
SUFFIXES := 
# default
.INCLUDE_DIRS = /usr/local/include
# makefile (from `Makefile', line 33)
util = util/ft_printf_str_util.c 
# environment
MAKELEVEL := 0
# environment
LANG = C
# environment
VSCODE_PID = 1599
# variable set hash-table stats:
# Load=73/1024=7%, Rehash=0, Collisions=6/108=6%

# Pattern-specific Variable Values

# No pattern-specific variable values.

# Directories

# format (device 16777225, inode 1490689): 3 files, no impossibilities so far.
# . (device 16777225, inode 1490610): 10 files, no impossibilities.

# 13 files, no impossibilities in 2 directories.

# Implicit Rules

%.o: %.c
#  commands to execute (from `Makefile', line 44):
	$(CC) $(CFLAGS) -c -o $@ $< -I inc
	

# 1 implicit rules, 0 (0.0%) terminal.

# Files

all: libftprintf.a
#  Phony target (prerequisite of .PHONY).
#  Command-line target.
#  Implicit rule search has not been done.
#  File does not exist.
#  File has been updated.
#  Needs to be updated (-q is set).
# variable set hash-table stats:
# Load=0/32=0%, Rehash=0, Collisions=0/4=0%

.PHONY: all clean fclean re
#  Implicit rule search has not been done.
#  Modification time never checked.
#  File has not been updated.

format/ft_printf_format_c.o: format/ft_printf_format_c.c
#  Implicit rule search has been done.
#  Implicit/static pattern stem: `format/ft_printf_format_c'
#  File does not exist.
#  File has been updated.
#  Needs to be updated (-q is set).
# automatic
# @ := format/ft_printf_format_c.o
# automatic
# % := 
# automatic
# * := format/ft_printf_format_c
# automatic
# + := format/ft_printf_format_c.c
# automatic
# | := 
# automatic
# < := format/ft_printf_format_c.c
# automatic
# ^ := format/ft_printf_format_c.c
# automatic
# ? := format/ft_printf_format_c.c
# variable set hash-table stats:
# Load=8/32=25%, Rehash=0, Collisions=1/14=7%
#  commands to execute (from `Makefile', line 44):
	$(CC) $(CFLAGS) -c -o $@ $< -I inc
	

# Not a target:
format/ft_printf_format_x.o:
#  Implicit rule search has not been done.
#  Modification time never checked.
#  File has not been updated.

# Not a target:
ft_printf.o:
#  Implicit rule search has not been done.
#  Modification time never checked.
#  File has not been updated.

# Not a target:
.SUFFIXES:
#  Implicit rule search has not been done.
#  Modification time never checked.
#  File has not been updated.

# Not a target:
Makefile:
#  Implicit rule search has been done.
#  Last modified 2022-02-28 16:56:03
#  File has been updated.
#  Successfully updated.
# variable set hash-table stats:
# Load=0/32=0%, Rehash=0, Collisions=0/0=0%

# Not a target:
format/ft_printf_format_u.o:
#  Implicit rule search has not been done.
#  Modification time never checked.
#  File has not been updated.

# Not a target:
format/ft_printf_format_x_x.o:
#  Implicit rule search has not been done.
#  Modification time never checked.
#  File has not been updated.

fclean: clean
#  Phony target (prerequisite of .PHONY).
#  Implicit rule search has not been done.
#  File does not exist.
#  File has not been updated.
#  commands to execute (from `Makefile', line 57):
	$(RM) $(RM_FLAGS) $(NAME)
	

# Not a target:
format/ft_printf_format_c.c:
#  Implicit rule search has been done.
#  Last modified 2022-02-28 16:43:05
#  File has been updated.
#  Successfully updated.
# variable set hash-table stats:
# Load=0/32=0%, Rehash=0, Collisions=0/0=0%

# Not a target:
format/ft_printf_format_p.o:
#  Implicit rule search has not been done.
#  Modification time never checked.
#  File has not been updated.

# Not a target:
.DEFAULT:
#  Implicit rule search has not been done.
#  Modification time never checked.
#  File has not been updated.

re: fclean all
#  Phony target (prerequisite of .PHONY).
#  Implicit rule search has not been done.
#  File does not exist.
#  File has not been updated.

clean:
#  Phony target (prerequisite of .PHONY).
#  Implicit rule search has not been done.
#  File does not exist.
#  File has not been updated.
#  commands to execute (from `Makefile', line 54):
	$(RM) $(RM_FLAGS) $(OBJ_FILE)
	

# Not a target:
util/ft_printf_str_util.o:
#  Implicit rule search has not been done.
#  Modification time never checked.
#  File has not been updated.

libftprintf.a: format/ft_printf_format_c.o format/ft_printf_format_d.o format/ft_printf_format_i.o format/ft_printf_format_p.o format/ft_printf_format_s.o format/ft_printf_format_u.o format/ft_printf_format_x_x.o format/ft_printf_format_x.o util/ft_printf_str_util.o ft_printf.o
#  Implicit rule search has not been done.
#  File does not exist.
#  File has been updated.
#  Needs to be updated (-q is set).
# variable set hash-table stats:
# Load=0/32=0%, Rehash=0, Collisions=0/4=0%
#  commands to execute (from `Makefile', line 51):
	$(AR) $(AR_FLAGS) $@ $^
	

# Not a target:
format/ft_printf_format_s.o:
#  Implicit rule search has not been done.
#  Modification time never checked.
#  File has not been updated.

# Not a target:
format/ft_printf_format_d.o:
#  Implicit rule search has not been done.
#  Modification time never checked.
#  File has not been updated.

# Not a target:
format/ft_printf_format_i.o:
#  Implicit rule search has not been done.
#  Modification time never checked.
#  File has not been updated.

# files hash-table stats:
# Load=20/1024=2%, Rehash=0, Collisions=4/54=7%
# VPATH Search Paths

# No `vpath' search paths.

# No general (`VPATH' variable) search path.

# # of strings in strcache: 1
# # of strcache buffers: 1
# strcache size: total = 4096 / max = 4096 / min = 4096 / avg = 4096
# strcache free: total = 4087 / max = 4087 / min = 4087 / avg = 4087

# Finished Make data base on Mon Feb 28 21:32:49 2022

 
