make all --print-data-base --no-builtin-variables --no-builtin-rules --question
# GNU Make 3.81
# Copyright (C) 2006  Free Software Foundation, Inc.
# This is free software; see the source for copying conditions.
# There is NO warranty; not even for MERCHANTABILITY or FITNESS FOR A
# PARTICULAR PURPOSE.

# This program built for i386-apple-darwin11.3.0
 

# Make data base, printed on Thu Aug 11 12:02:43 2022

# Variables

# automatic
<D = $(patsubst %/,%,$(dir $<))
# automatic
?F = $(notdir $?)
# automatic
?D = $(patsubst %/,%,$(dir $?))
# automatic
@D = $(patsubst %/,%,$(dir $@))
# automatic
@F = $(notdir $@)
# makefile
CURDIR := /Users/kipark/42_project/42cursus/42_philosophers/philo
# makefile
SHELL = /bin/sh
# makefile (from `Makefile', line 17)
RM = rm
# environment
VSCODE_NLS_CONFIG = {"locale":"en-us","availableLanguages":{},"_languagePackSupport":true}
# environment
_ = /usr/bin/make
# makefile (from `Makefile', line 1)
MAKEFILE_LIST :=  Makefile
# environment
VSCODE_NODE_CACHED_DATA_DIR = 
# makefile (from `Makefile', line 34)
OBJ_DIR = ./obj
# makefile (from `Makefile', line 35)
OBJ_FILE = $(addprefix $(OBJ_DIR)/, $(SRCS:.c=.o))
# environment
VERBOSE_LOGGING = true
# environment
VSCODE_LOGS = /Users/kipark/Library/Application Support/Code/logs/20220811T120238
# environment
VSCODE_IPC_HOOK_EXTHOST = /var/folders/zz/zyxvpxvq6csfxvn_n000clk00034wh/T/vscode-ipc-d9c37259-5257-43d0-962e-3f219296ea8b.sock
# environment
PATH = /usr/local/bin:/usr/bin:/bin:/usr/sbin:/sbin:/usr/local/munki
# makefile (from `Makefile', line 18)
RM_FLAG = -rf
# makefile (from `Makefile', line 32)
VPATH = $(shell ls -R)
# environment
LaunchInstanceID = 1A0BF134-7034-471F-B9A3-E7F4C0A646B9
# environment
VSCODE_LOG_STACK = false
# environment
ELECTRON_RUN_AS_NODE = 1
# default
.FEATURES := target-specific order-only second-expansion else-if archives jobserver check-symlink
# environment
SSH_AUTH_SOCK = /private/tmp/com.apple.launchd.ZgQwSdo1a5/Listeners
# automatic
%F = $(notdir $%)
# environment
PWD = /Users/kipark/42_project/42cursus/42_philosophers/philo
# environment
HOME = /Users/kipark
# default
MAKEFILEPATH := /Applications/Xcode.app/Contents/Developer/Makefiles
# environment
LOGNAME = kipark
# environment
APPLICATION_INSIGHTS_NO_DIAGNOSTIC_CHANNEL = true
# environment
VSCODE_HANDLES_UNCAUGHT_ERRORS = true
# automatic
^D = $(patsubst %/,%,$(dir $^))
# environment
XPC_FLAGS = 0x0
# default
MAKE = $(MAKE_COMMAND)
# default
MAKECMDGOALS := all
# makefile (from `Makefile', line 20)
SRCS = philo.c philo_init.c philo_mutex_get_set.c philo_utils.c philo_die.c parser.c parser_atoi.c parser_error.c error.c utils.c thread.c 
# environment
SHLVL = 1
# makefile (from `Makefile', line 15)
CC = cc
# default
MAKE_VERSION := 3.81
# environment
AMD_ENTRYPOINT = vs/workbench/services/extensions/node/extensionHostProcess
# environment
USER = kipark
# makefile
.DEFAULT_GOAL := all
# makefile (from `Makefile', line 13)
NAME = philo
# environment
PIPE_LOGGING = true
# automatic
%D = $(patsubst %/,%,$(dir $%))
# default
MAKE_COMMAND := /Applications/Xcode.app/Contents/Developer/usr/bin/make
# default
.VARIABLES := 
# environment
TMPDIR = /var/folders/zz/zyxvpxvq6csfxvn_n000clk00034wh/T/
# automatic
*F = $(notdir $*)
# environment
VSCODE_IPC_HOOK = /Users/kipark/Library/Application Support/Code/1.39.2-main.sock
# makefile
MAKEFLAGS = Rrqp
# environment
MFLAGS = -Rrqp
# automatic
*D = $(patsubst %/,%,$(dir $*))
# environment
XPC_SERVICE_NAME = com.apple.xpc.launchd.oneshot.0x10000001.Electron
# automatic
+D = $(patsubst %/,%,$(dir $+))
# automatic
+F = $(notdir $+)
# environment
__CF_USER_TEXT_ENCODING = 0x19390:0x0:0x0
# environment
COMMAND_MODE = unix2003
# default
MAKEFILES := 
# makefile (from `Makefile', line 16)
CC_FLAG = -Wextra -Wall -Werror
# automatic
<F = $(notdir $<)
# environment
LC_ALL = C
# environment
SECURITYSESSIONID = 186a6
# automatic
^F = $(notdir $^)
# default
SUFFIXES := 
# default
.INCLUDE_DIRS = /usr/local/include
# environment
MAKELEVEL := 0
# environment
LANG = C
# environment
VSCODE_PID = 64708
# variable set hash-table stats:
# Load=70/1024=7%, Rehash=0, Collisions=6/102=6%

# Pattern-specific Variable Values

# No pattern-specific variable values.

# Directories

# Makefile (device 16777225, inode 3712130): could not be opened.
# parser_atoi.o: could not be stat'd.
# obj (device 16777225, inode 3949716): 13 files, no impossibilities.
# thread.o: could not be stat'd.
# . (device 16777225, inode 3712129): 17 files, no impossibilities.
# philo_mutex_get_set.o: could not be stat'd.
# philo_utils.c (device 16777225, inode 3712140): could not be opened.
# parser_error.o: could not be stat'd.
# ./obj (device 16777225, inode 3949716): 13 files, no impossibilities.
# parser.o: could not be stat'd.
# philo_init.c (device 16777225, inode 3937747): could not be opened.
# philo.h (device 16777225, inode 3712137): could not be opened.
# philo.o: could not be stat'd.
# philo (device 16777225, inode 3949728): could not be opened.
# t (device 16777225, inode 3949729): could not be opened.
# utils.o: could not be stat'd.
# philo_die.o: could not be stat'd.
# utils.c (device 16777225, inode 3937753): could not be opened.
# philo_utils.o: could not be stat'd.
# error.o: could not be stat'd.
# parser_atoi.c: could not be stat'd.
# thread.c (device 16777225, inode 3937751): could not be opened.
# philo_mutex_get_set.c (device 16777225, inode 3897808): could not be opened.
# parser_error.c: could not be stat'd.
# parse (device 16777225, inode 3712132): 5 files, no impossibilities.
# parser.c: could not be stat'd.
# philo.c (device 16777225, inode 3712136): could not be opened.
# philo_die.c (device 16777225, inode 3712138): could not be opened.
# ./parse (device 16777225, inode 3712132): 5 files, no impossibilities.
# error.c (device 16777225, inode 3712131): could not be opened.
# philo_init.o: could not be stat'd.

# 53 files, no impossibilities in 31 directories.

# Implicit Rules

obj/%.o: %.c
#  commands to execute (from `Makefile', line 38):
	mkdir -p $(OBJ_DIR)
	$(CC) $(CC_FLAG) -c $< -o $@
	

# 1 implicit rules, 0 (0.0%) terminal.

# Files

# Not a target:
parse/parser.c:
#  Implicit rule search has been done.
#  Last modified 2022-07-31 20:05:53
#  File has been updated.
#  Successfully updated.
# variable set hash-table stats:
# Load=0/32=0%, Rehash=0, Collisions=0/0=0%

obj/parser.o: parse/parser.c
#  Implicit rule search has been done.
#  Implicit/static pattern stem: `parser'
#  Last modified 2022-08-10 20:05:09
#  File has been updated.
#  Successfully updated.
# variable set hash-table stats:
# Load=0/32=0%, Rehash=0, Collisions=0/0=0%
#  commands to execute (from `Makefile', line 38):
	mkdir -p $(OBJ_DIR)
	$(CC) $(CC_FLAG) -c $< -o $@
	

# Not a target:
philo_utils.c:
#  Implicit rule search has been done.
#  Last modified 2022-08-10 19:40:34
#  File has been updated.
#  Successfully updated.
# variable set hash-table stats:
# Load=0/32=0%, Rehash=0, Collisions=0/0=0%

all: philo
#  Command-line target.
#  Implicit rule search has been done.
#  File does not exist.
#  File has been updated.
#  Successfully updated.
# variable set hash-table stats:
# Load=0/32=0%, Rehash=0, Collisions=0/0=0%

philo: obj/philo.o obj/philo_init.o obj/philo_mutex_get_set.o obj/philo_utils.o obj/philo_die.o obj/parser.o obj/parser_atoi.o obj/parser_error.o obj/error.o obj/utils.o obj/thread.o
#  Implicit rule search has not been done.
#  Last modified 2022-08-10 20:05:09
#  File has been updated.
#  Successfully updated.
# variable set hash-table stats:
# Load=0/32=0%, Rehash=0, Collisions=0/0=0%
#  commands to execute (from `Makefile', line 44):
	$(CC) $(CC_FLAG) -o $@ $^
	

# Not a target:
utils.c:
#  Implicit rule search has been done.
#  Last modified 2022-08-09 19:32:56
#  File has been updated.
#  Successfully updated.
# variable set hash-table stats:
# Load=0/32=0%, Rehash=0, Collisions=0/0=0%

# Not a target:
thread.c:
#  Implicit rule search has been done.
#  Last modified 2022-08-10 20:04:44
#  File has been updated.
#  Successfully updated.
# variable set hash-table stats:
# Load=0/32=0%, Rehash=0, Collisions=0/0=0%

# Not a target:
philo_mutex_get_set.c:
#  Implicit rule search has been done.
#  Last modified 2022-08-10 19:54:31
#  File has been updated.
#  Successfully updated.
# variable set hash-table stats:
# Load=0/32=0%, Rehash=0, Collisions=0/0=0%

.Phony: all clean fclean re
#  Implicit rule search has not been done.
#  Modification time never checked.
#  File has not been updated.

# Not a target:
 
philo_die.c:
#  Implicit rule search has been done.
#  Last modified 2022-08-10 16:00:11
#  File has been updated.
#  Successfully updated.
# variable set hash-table stats:
# Load=0/32=0%, Rehash=0, Collisions=0/0=0%

obj/philo_utils.o: philo_utils.c
#  Implicit rule search has been done.
#  Implicit/static pattern stem: `philo_utils'
#  Last modified 2022-08-10 20:05:09
#  File has been updated.
#  Successfully updated.
# variable set hash-table stats:
# Load=0/32=0%, Rehash=0, Collisions=0/0=0%
#  commands to execute (from `Makefile', line 38):
	mkdir -p $(OBJ_DIR)
	$(CC) $(CC_FLAG) -c $< -o $@
	

# Not a target:
.SUFFIXES:
#  Implicit rule search has not been done.
#  Modification time never checked.
#  File has not been updated.

# Not a target:
parse/parser_atoi.c:
#  Implicit rule search has been done.
#  Last modified 2022-07-31 20:05:53
#  File has been updated.
#  Successfully updated.
# variable set hash-table stats:
# Load=0/32=0%, Rehash=0, Collisions=0/0=0%

obj/parser_atoi.o: parse/parser_atoi.c
#  Implicit rule search has been done.
#  Implicit/static pattern stem: `parser_atoi'
#  Last modified 2022-08-10 20:05:09
#  File has been updated.
#  Successfully updated.
# variable set hash-table stats:
# Load=0/32=0%, Rehash=0, Collisions=0/0=0%
#  commands to execute (from `Makefile', line 38):
	mkdir -p $(OBJ_DIR)
	$(CC) $(CC_FLAG) -c $< -o $@
	

# Not a target:
Makefile:
#  Implicit rule search has been done.
#  Last modified 2022-08-10 20:04:31
#  File has been updated.
#  Successfully updated.
# variable set hash-table stats:
# Load=0/32=0%, Rehash=0, Collisions=0/0=0%

obj/philo_mutex_get_set.o: philo_mutex_get_set.c
#  Implicit rule search has been done.
#  Implicit/static pattern stem: `philo_mutex_get_set'
#  Last modified 2022-08-10 20:05:09
#  File has been updated.
#  Successfully updated.
# variable set hash-table stats:
# Load=0/32=0%, Rehash=0, Collisions=0/0=0%
#  commands to execute (from `Makefile', line 38):
	mkdir -p $(OBJ_DIR)
	$(CC) $(CC_FLAG) -c $< -o $@
	

obj/error.o: error.c
#  Implicit rule search has been done.
#  Implicit/static pattern stem: `error'
#  Last modified 2022-08-10 20:05:09
#  File has been updated.
#  Successfully updated.
# variable set hash-table stats:
# Load=0/32=0%, Rehash=0, Collisions=0/0=0%
#  commands to execute (from `Makefile', line 38):
	mkdir -p $(OBJ_DIR)
	$(CC) $(CC_FLAG) -c $< -o $@
	

# Not a target:
parse/parser_error.c:
#  Implicit rule search has been done.
#  Last modified 2022-07-31 20:05:53
#  File has been updated.
#  Successfully updated.
# variable set hash-table stats:
# Load=0/32=0%, Rehash=0, Collisions=0/0=0%

obj/parser_error.o: parse/parser_error.c
#  Implicit rule search has been done.
#  Implicit/static pattern stem: `parser_error'
#  Last modified 2022-08-10 20:05:09
#  File has been updated.
#  Successfully updated.
# variable set hash-table stats:
# Load=0/32=0%, Rehash=0, Collisions=0/0=0%
#  commands to execute (from `Makefile', line 38):
	mkdir -p $(OBJ_DIR)
	$(CC) $(CC_FLAG) -c $< -o $@
	

debug:
#  Implicit rule search has not been done.
#  Modification time never checked.
#  File has not been updated.
#  commands to execute (from `Makefile', line 58):
	$(CC) $(CC_FLAG) -g -o $(NAME) $(DEBUG_SRCS)
	

obj/philo_die.o: philo_die.c
#  Implicit rule search has been done.
#  Implicit/static pattern stem: `philo_die'
#  Last modified 2022-08-10 20:05:09
#  File has been updated.
#  Successfully updated.
# variable set hash-table stats:
# Load=0/32=0%, Rehash=0, Collisions=0/0=0%
#  commands to execute (from `Makefile', line 38):
	mkdir -p $(OBJ_DIR)
	$(CC) $(CC_FLAG) -c $< -o $@
	

# Not a target:
philo.c:
#  Implicit rule search has been done.
#  Last modified 2022-08-10 20:04:36
#  File has been updated.
#  Successfully updated.
# variable set hash-table stats:
# Load=0/32=0%, Rehash=0, Collisions=0/0=0%

fclean:
#  Implicit rule search has not been done.
#  Modification time never checked.
#  File has not been updated.
#  commands to execute (from `Makefile', line 50):
	make clean
	$(RM) $(RM_FLAG) $(NAME)
	

obj/philo.o: philo.c
#  Implicit rule search has been done.
#  Implicit/static pattern stem: `philo'
#  Last modified 2022-08-10 20:05:09
#  File has been updated.
#  Successfully updated.
# variable set hash-table stats:
# Load=0/32=0%, Rehash=0, Collisions=0/0=0%
#  commands to execute (from `Makefile', line 38):
	mkdir -p $(OBJ_DIR)
	$(CC) $(CC_FLAG) -c $< -o $@
	

# Not a target:
.DEFAULT:
#  Implicit rule search has not been done.
#  Modification time never checked.
#  File has not been updated.

# Not a target:
philo_init.c:
#  Implicit rule search has been done.
#  Last modified 2022-08-10 20:05:05
#  File has been updated.
#  Successfully updated.
# variable set hash-table stats:
# Load=0/32=0%, Rehash=0, Collisions=0/0=0%

re:
#  Implicit rule search has not been done.
#  Modification time never checked.
#  File has not been updated.
#  commands to execute (from `Makefile', line 54):
	make fclean
	make
	

clean:
#  Implicit rule search has not been done.
#  Modification time never checked.
#  File has not been updated.
#  commands to execute (from `Makefile', line 47):
	$(RM) $(RM_FLAG) $(OBJ_DIR)
	

obj/utils.o: utils.c
#  Implicit rule search has been done.
#  Implicit/static pattern stem: `utils'
#  Last modified 2022-08-10 20:05:09
#  File has been updated.
#  Successfully updated.
# variable set hash-table stats:
# Load=0/32=0%, Rehash=0, Collisions=0/0=0%
#  commands to execute (from `Makefile', line 38):
	mkdir -p $(OBJ_DIR)
	$(CC) $(CC_FLAG) -c $< -o $@
	

obj/philo_init.o: philo_init.c
#  Implicit rule search has been done.
#  Implicit/static pattern stem: `philo_init'
#  Last modified 2022-08-10 20:05:09
#  File has been updated.
#  Successfully updated.
# variable set hash-table stats:
# Load=0/32=0%, Rehash=0, Collisions=0/0=0%
#  commands to execute (from `Makefile', line 38):
	mkdir -p $(OBJ_DIR)
	$(CC) $(CC_FLAG) -c $< -o $@
	

# Not a target:
error.c:
#  Implicit rule search has been done.
#  Last modified 2022-07-31 20:14:38
#  File has been updated.
#  Successfully updated.
# variable set hash-table stats:
# Load=0/32=0%, Rehash=0, Collisions=0/0=0%

obj/thread.o: thread.c
#  Implicit rule search has been done.
#  Implicit/static pattern stem: `thread'
#  Last modified 2022-08-10 20:05:09
#  File has been updated.
#  Successfully updated.
# variable set hash-table stats:
# Load=0/32=0%, Rehash=0, Collisions=0/0=0%
#  commands to execute (from `Makefile', line 38):
	mkdir -p $(OBJ_DIR)
	$(CC) $(CC_FLAG) -c $< -o $@
	

# files hash-table stats:
# Load=32/1024=3%, Rehash=0, Collisions=0/123=0%
# VPATH Search Paths

# No `vpath' search paths.

# General (`VPATH' variable) search path:
# obj:parse:./obj:./parse

# # of strings in strcache: 1
# # of strcache buffers: 1
# strcache size: total = 4096 / max = 4096 / min = 4096 / avg = 4096
# strcache free: total = 4087 / max = 4087 / min = 4087 / avg = 4087

# Finished Make data base on Thu Aug 11 12:02:43 2022

 
