make all --print-data-base --no-builtin-variables --no-builtin-rules --question
# GNU Make 3.81
# Copyright (C) 2006  Free Software Foundation, Inc.
# This is free software; see the source for copying conditions.
# There is NO warranty; not even for MERCHANTABILITY or FITNESS FOR A
# PARTICULAR PURPOSE.

# This program built for i386-apple-darwin11.3.0
 

# Make data base, printed on Sat May 21 15:08:20 2022

# Variables

# automatic
<D = $(patsubst %/,%,$(dir $<))
# automatic
?F = $(notdir $?)
 
# automatic
?D = $(patsubst %/,%,$(dir $?))
# automatic
@D = $(patsubst %/,%,$(dir $@))
# automatic
@F = $(notdir $@)
# makefile
CURDIR := /Users/kipark/42_project/pipex
# makefile
SHELL = /bin/sh
# makefile (from `Makefile', line 17)
RM = rm
# environment
VSCODE_NLS_CONFIG = {"locale":"en-us","availableLanguages":{},"_languagePackSupport":true}
# environment
_ = /usr/bin/make
# makefile (from `Makefile', line 1)
MAKEFILE_LIST :=  Makefile
# environment
VSCODE_NODE_CACHED_DATA_DIR = 
# makefile (from `Makefile', line 30)
OBJ_DIR = ./obj
# makefile (from `Makefile', line 31)
OBJ_FILE = $(addprefix $(OBJ_DIR)/, $(SRCS:.c=.o))
# environment
VERBOSE_LOGGING = true
# environment
VSCODE_LOGS = /Users/kipark/Library/Application Support/Code/logs/20220521T142809
# environment
VSCODE_IPC_HOOK_EXTHOST = /var/folders/zz/zyxvpxvq6csfxvn_n000clk00034wh/T/vscode-ipc-e527c01c-12fb-4186-a3c3-8739005a8ed2.sock
# environment
PATH = /usr/local/bin:/usr/bin:/bin:/usr/sbin:/sbin:/usr/local/munki
# makefile (from `Makefile', line 18)
RM_FLAG = -rf
# makefile (from `Makefile', line 28)
VPATH = $(ls -l)
# environment
LaunchInstanceID = B9609C7B-15A5-44FF-B57A-96CD86C4DD9C
# environment
VSCODE_LOG_STACK = false
# environment
ELECTRON_RUN_AS_NODE = 1
# default
.FEATURES := target-specific order-only second-expansion else-if archives jobserver check-symlink
# makefile (from `Makefile', line 19)
LIBFT_DIR = libft
# environment
SSH_AUTH_SOCK = /private/tmp/com.apple.launchd.K8lf1WXqLk/Listeners
# automatic
%F = $(notdir $%)
# environment
PWD = /Users/kipark/42_project/pipex
# environment
HOME = /Users/kipark
# default
MAKEFILEPATH := /Applications/Xcode.app/Contents/Developer/Makefiles
# environment
LOGNAME = kipark
# environment
APPLICATION_INSIGHTS_NO_DIAGNOSTIC_CHANNEL = true
# environment
VSCODE_HANDLES_UNCAUGHT_ERRORS = true
# automatic
^D = $(patsubst %/,%,$(dir $^))
# makefile (from `Makefile', line 21)
TEST = -fsanitize=address -g3
# environment
XPC_FLAGS = 0x0
# default
MAKE = $(MAKE_COMMAND)
# default
MAKECMDGOALS := all
# makefile (from `Makefile', line 23)
SRCS = pipex.c error.c parse.c child.c system_call_utils.c	
# environment
SHLVL = 1
# makefile (from `Makefile', line 15)
CC = cc
# default
MAKE_VERSION := 3.81
# environment
AMD_ENTRYPOINT = vs/workbench/services/extensions/node/extensionHostProcess
# environment
USER = kipark
# makefile
.DEFAULT_GOAL := all
# makefile (from `Makefile', line 13)
NAME = pipex
# environment
PIPE_LOGGING = true
# automatic
%D = $(patsubst %/,%,$(dir $%))
# default
MAKE_COMMAND := /Applications/Xcode.app/Contents/Developer/usr/bin/make
# default
.VARIABLES := 
# environment
TMPDIR = /var/folders/zz/zyxvpxvq6csfxvn_n000clk00034wh/T/
# automatic
*F = $(notdir $*)
# environment
VSCODE_IPC_HOOK = /Users/kipark/Library/Application Support/Code/1.39.2-main.sock
# makefile
MAKEFLAGS = Rrqp
# environment
MFLAGS = -Rrqp
# automatic
*D = $(patsubst %/,%,$(dir $*))
# environment
XPC_SERVICE_NAME = com.apple.xpc.launchd.oneshot.0x10000002.Electron
# automatic
+D = $(patsubst %/,%,$(dir $+))
# automatic
+F = $(notdir $+)
# environment
__CF_USER_TEXT_ENCODING = 0x19390:0x0:0x0
# environment
COMMAND_MODE = unix2003
# default
MAKEFILES := 
 
# makefile (from `Makefile', line 16)
CC_FLAG = -Wextra -Wall -Werror
# automatic
<F = $(notdir $<)
# environment
LC_ALL = C
# environment
SECURITYSESSIONID = 186a6
# automatic
^F = $(notdir $^)
# default
SUFFIXES := 
# default
.INCLUDE_DIRS = /usr/local/include
# environment
MAKELEVEL := 0
# environment
LANG = C
# environment
VSCODE_PID = 5500
# makefile (from `Makefile', line 20)
LIBFT_LIB = libft.a
# variable set hash-table stats:
# Load=73/1024=7%, Rehash=0, Collisions=9/112=8%

# Pattern-specific Variable Values

# No pattern-specific variable values.

# Directories

# . (device 16777225, inode 2933448): 14 files, no impossibilities.

# 14 files, no impossibilities in 1 directories.

# Implicit Rules

obj/%.o: %.c
#  commands to execute (from `Makefile', line 34):
	@mkdir -p $(OBJ_DIR)
	$(CC) $(CC_FLAG) -c $< -o $@
	

# 1 implicit rules, 0 (0.0%) terminal.

# Files

all: pipex
#  Command-line target.
#  Implicit rule search has been done.
#  File does not exist.
#  File has been updated.
#  Needs to be updated (-q is set).
# variable set hash-table stats:
# Load=0/32=0%, Rehash=0, Collisions=0/8=0%

.Phony: all clean fclean re
#  Implicit rule search has not been done.
#  Modification time never checked.
#  File has not been updated.

# Not a target:
.SUFFIXES:
#  Implicit rule search has not been done.
#  Modification time never checked.
#  File has not been updated.

# Not a target:
Makefile:
#  Implicit rule search has been done.
#  Last modified 2022-05-21 15:08:14
#  File has been updated.
#  Successfully updated.
# variable set hash-table stats:
# Load=0/32=0%, Rehash=0, Collisions=0/0=0%

obj/error.o: error.c
#  Implicit rule search has been done.
#  Implicit/static pattern stem: `error'
#  Last modified 2022-05-21 15:05:00
#  File has been updated.
#  Successfully updated.
# variable set hash-table stats:
# Load=0/32=0%, Rehash=0, Collisions=0/0=0%
#  commands to execute (from `Makefile', line 34):
	@mkdir -p $(OBJ_DIR)
	$(CC) $(CC_FLAG) -c $< -o $@
	

debug:
#  Implicit rule search has not been done.
#  Modification time never checked.
#  File has not been updated.
#  commands to execute (from `Makefile', line 45):
	@make -sC $(LIBFT_DIR)
	@cp $(LIBFT_DIR)/$(LIBFT_LIB) .
	@$(CC) $(CC_FLAG) -g -o $(NAME) $(SRCS) $(LIBFT_LIB)
	

# Not a target:
pipex.c:
#  Implicit rule search has been done.
#  Last modified 2022-05-21 14:49:19
#  File has been updated.
#  Successfully updated.
# variable set hash-table stats:
# Load=0/32=0%, Rehash=0, Collisions=0/0=0%

obj/child.o: child.c
#  Implicit rule search has been done.
#  Implicit/static pattern stem: `child'
#  Last modified 2022-05-21 15:08:04
#  File has been updated.
#  Successfully updated.
# variable set hash-table stats:
# Load=0/32=0%, Rehash=0, Collisions=0/0=0%
#  commands to execute (from `Makefile', line 34):
	@mkdir -p $(OBJ_DIR)
	$(CC) $(CC_FLAG) -c $< -o $@
	

obj/system_call_utils.o: system_call_utils.c
#  Implicit rule search has been done.
#  Implicit/static pattern stem: `system_call_utils'
#  Last modified 2022-05-21 14:56:23
#  File has been updated.
#  Successfully updated.
# variable set hash-table stats:
# Load=0/32=0%, Rehash=0, Collisions=0/0=0%
#  commands to execute (from `Makefile', line 34):
	@mkdir -p $(OBJ_DIR)
	$(CC) $(CC_FLAG) -c $< -o $@
	

obj/pipex.o: pipex.c
#  Implicit rule search has been done.
#  Implicit/static pattern stem: `pipex'
#  Last modified 2022-05-21 14:56:23
#  File has been updated.
#  Successfully updated.
# variable set hash-table stats:
# Load=0/32=0%, Rehash=0, Collisions=0/0=0%
#  commands to execute (from `Makefile', line 34):
	@mkdir -p $(OBJ_DIR)
	$(CC) $(CC_FLAG) -c $< -o $@
	

fclean: clean
#  Implicit rule search has not been done.
#  Modification time never checked.
#  File has not been updated.
#  commands to execute (from `Makefile', line 53):
	@make -sC $(LIBFT_DIR) fclean
	$(RM) $(RM_FLAG) $^ $(NAME)
	$(RM) $(RM_FLAG) $(LIBFT_LIB)
	@$(RM) $(RM_FLAG) out*
	

# Not a target:
parse.c:
#  Implicit rule search has been done.
#  Last modified 2022-05-19 21:46:40
#  File has been updated.
#  Successfully updated.
# variable set hash-table stats:
# Load=0/32=0%, Rehash=0, Collisions=0/0=0%

# Not a target:
.DEFAULT:
#  Implicit rule search has not been done.
#  Modification time never checked.
#  File has not been updated.

re:
#  Implicit rule search has not been done.
#  Modification time never checked.
#  File has not been updated.
#  commands to execute (from `Makefile', line 59):
	make fclean
	make
	

obj/parse.o: parse.c
#  Implicit rule search has been done.
#  Implicit/static pattern stem: `parse'
#  Last modified 2022-05-21 14:56:23
#  File has been updated.
#  Successfully updated.
# variable set hash-table stats:
# Load=0/32=0%, Rehash=0, Collisions=0/0=0%
#  commands to execute (from `Makefile', line 34):
	@mkdir -p $(OBJ_DIR)
	$(CC) $(CC_FLAG) -c $< -o $@
	

clean:
#  Implicit rule search has not been done.
#  Modification time never checked.
#  File has not been updated.
#  commands to execute (from `Makefile', line 50):
	@$(RM) $(RM_FLAG) $(OBJ_DIR)
	

# Not a target:
error.c:
#  Implicit rule search has been done.
#  Last modified 2022-05-21 15:02:21
#  File has been updated.
#  Successfully updated.
# variable set hash-table stats:
# Load=0/32=0%, Rehash=0, Collisions=0/0=0%

# Not a target:
child.c:
#  Implicit rule search has been done.
#  Last modified 2022-05-21 15:08:03
#  File has been updated.
#  Successfully updated.
# variable set hash-table stats:
# Load=0/32=0%, Rehash=0, Collisions=0/0=0%

# Not a target:
system_call_utils.c:
#  Implicit rule search has been done.
#  Last modified 2022-05-21 14:48:03
#  File has been updated.
#  Successfully updated.
# variable set hash-table stats:
# Load=0/32=0%, Rehash=0, Collisions=0/0=0%

pipex: obj/pipex.o obj/error.o obj/parse.o obj/child.o obj/system_call_utils.o
#  Implicit rule search has not been done.
#  Implicit/static pattern stem: `'
#  File does not exist.
#  File has been updated.
#  Needs to be updated (-q is set).
# automatic
# @ := pipex
# automatic
# % := 
# automatic
# * := 
# automatic
# + := obj/pipex.o obj/error.o obj/parse.o obj/child.o obj/system_call_utils.o
# automatic
# | := 
# automatic
# < := obj/pipex.o
# automatic
# ^ := obj/pipex.o obj/error.o obj/parse.o obj/child.o obj/system_call_utils.o
# automatic
# ? := obj/pipex.o obj/error.o obj/parse.o obj/child.o obj/system_call_utils.o
# variable set hash-table stats:
# Load=8/32=25%, Rehash=0, Collisions=5/18=28%
#  commands to execute (from `Makefile', line 40):
	@make -sC $(LIBFT_DIR) bonus
	@cp $(LIBFT_DIR)/$(LIBFT_LIB) .
	@$(CC) $(CC_FLAG) -g -o $@ $^ $(LIBFT_LIB)
	

# files hash-table stats:
# Load=20/1024=2%, Rehash=0, Collisions=0/60=0%
# VPATH Search Paths

# No `vpath' search paths.

# No general (`VPATH' variable) search path.

# # of strings in strcache: 1
# # of strcache buffers: 1
# strcache size: total = 4096 / max = 4096 / min = 4096 / avg = 4096
# strcache free: total = 4087 / max = 4087 / min = 4087 / avg = 4087

# Finished Make data base on Sat May 21 15:08:20 2022

 
