make all --print-data-base --no-builtin-variables --no-builtin-rules --question
# GNU Make 3.81
# Copyright (C) 2006  Free Software Foundation, Inc.
# This is free software; see the source for copying conditions.
# There is NO warranty; not even for MERCHANTABILITY or FITNESS FOR A
# PARTICULAR PURPOSE.

# This program built for i386-apple-darwin11.3.0
 
make: *** No rule to make target `obj/error_bonus.o', needed by `philo_bonus'.  Stop.


# Make data base, printed on Wed Aug  3 14:48:19 2022
 

# Variables

# automatic
<D = $(patsubst %/,%,$(dir $<))
# automatic
?F = $(notdir $?)
# automatic
?D = $(patsubst %/,%,$(dir $?))
# automatic
@D = $(patsubst %/,%,$(dir $@))
# automatic
@F = $(notdir $@)
# makefile
CURDIR := /Users/kipark/42_project/42cursus/42_philosophers/philo_bonus
# makefile
SHELL = /bin/sh
# makefile (from `Makefile', line 17)
RM = rm
# environment
VSCODE_NLS_CONFIG = {"locale":"en-us","availableLanguages":{},"_languagePackSupport":true}
# environment
_ = /usr/bin/make
# makefile (from `Makefile', line 1)
MAKEFILE_LIST :=  Makefile
# environment
VSCODE_NODE_CACHED_DATA_DIR = 
# makefile (from `Makefile', line 34)
OBJ_DIR = ./obj
# makefile (from `Makefile', line 35)
OBJ_FILE = $(addprefix $(OBJ_DIR)/, $(SRCS:.c=.o))
# environment
VERBOSE_LOGGING = true
# environment
VSCODE_LOGS = /Users/kipark/Library/Application Support/Code/logs/20220803T135442
# environment
VSCODE_IPC_HOOK_EXTHOST = /var/folders/zz/zyxvpxvq6csfxvn_n000clk00034wh/T/vscode-ipc-3334322b-839a-4815-8c04-51c2232f7129.sock
# environment
PATH = /usr/local/bin:/usr/bin:/bin:/usr/sbin:/sbin:/usr/local/munki
# makefile (from `Makefile', line 18)
RM_FLAG = -rf
# makefile (from `Makefile', line 32)
VPATH = $(shell ls -R)
# environment
VSCODE_LOG_STACK = false
# environment
ELECTRON_RUN_AS_NODE = 1
# default
.FEATURES := target-specific order-only second-expansion else-if archives jobserver check-symlink
# environment
SSH_AUTH_SOCK = /private/tmp/com.apple.launchd.AgsSsO28lQ/Listeners
# automatic
%F = $(notdir $%)
# environment
PWD = /Users/kipark/42_project/42cursus/42_philosophers/philo_bonus
# environment
HOME = /Users/kipark
# default
MAKEFILEPATH := /Applications/Xcode.app/Contents/Developer/Makefiles
# environment
LOGNAME = kipark
# environment
APPLICATION_INSIGHTS_NO_DIAGNOSTIC_CHANNEL = true
# environment
VSCODE_HANDLES_UNCAUGHT_ERRORS = true
# automatic
^D = $(patsubst %/,%,$(dir $^))
# makefile (from `Makefile', line 19)
TEST = -fsanitize=address -g3
# environment
XPC_FLAGS = 0x0
# default
MAKE = $(MAKE_COMMAND)
# default
MAKECMDGOALS := all
# makefile (from `Makefile', line 21)
SRCS = philo_bonus.c philo_init_bonus.c philo_utils_bonus.c philo_die_bonus.c parser_bonus.c parser_atoi_bonus.c parser_error_bonus.c error_bonus.c utils_bonus.c thread_bonus.c 
# environment
SHLVL = 1
# makefile (from `Makefile', line 15)
CC = cc
# default
MAKE_VERSION := 3.81
# environment
AMD_ENTRYPOINT = vs/workbench/services/extensions/node/extensionHostProcess
# environment
USER = kipark
# makefile
.DEFAULT_GOAL := all
# makefile (from `Makefile', line 13)
NAME = philo_bonus
# environment
PIPE_LOGGING = true
# automatic
%D = $(patsubst %/,%,$(dir $%))
# default
MAKE_COMMAND := /Applications/Xcode.app/Contents/Developer/usr/bin/make
# default
.VARIABLES := 
# environment
TMPDIR = /var/folders/zz/zyxvpxvq6csfxvn_n000clk00034wh/T/
# automatic
*F = $(notdir $*)
# environment
VSCODE_IPC_HOOK = /Users/kipark/Library/Application Support/Code/1.39.2-main.sock
# makefile
MAKEFLAGS = Rrqp
# environment
MFLAGS = -Rrqp
# automatic
*D = $(patsubst %/,%,$(dir $*))
# environment
XPC_SERVICE_NAME = com.microsoft.VSCode.2152
# automatic
+D = $(patsubst %/,%,$(dir $+))
# automatic
+F = $(notdir $+)
# environment
__CF_USER_TEXT_ENCODING = 0x19390:0x0:0x0
# default
MAKEFILES := 
# makefile (from `Makefile', line 16)
CC_FLAG = -Wextra -Wall -Werror
# automatic
<F = $(notdir $<)
# environment
LC_ALL = C
# automatic
^F = $(notdir $^)
# default
SUFFIXES := 
# default
.INCLUDE_DIRS = /usr/local/include
# environment
MAKELEVEL := 0
# environment
LANG = C
# environment
VSCODE_PID = 30395
# variable set hash-table stats:
# Load=68/1024=7%, Rehash=0, Collisions=6/100=6%

# Pattern-specific Variable Values

# No pattern-specific variable values.

# Directories

# parser_atoi_bonus.o: could not be stat'd.
# Makefile (device 16777225, inode 3771529): could not be opened.
# obj (device 16777225, inode 3775458): 9 files, no impossibilities.
# . (device 16777225, inode 3771528): 16 files, 1 impossibilities.
# parser_error_bonus.o: could not be stat'd.
# parser_bonus.o: could not be stat'd.
# philo_init_bonus.c (device 16777225, inode 3771538): could not be opened.
# philo_bonus.h (device 16777225, inode 3771536): could not be opened.
# philo_bonus.o: could not be stat'd.
# ./obj (device 16777225, inode 3775458): 9 files, no impossibilities.
# philo_utils_bonus.c (device 16777225, inode 3771539): could not be opened.
# philo_die_bonus.o: could not be stat'd.
# utils_bonus.c (device 16777225, inode 3771541): could not be opened.
# parser_atoi_bonus.c: could not be stat'd.
# thread_bonus.c (device 16777225, inode 3771540): could not be opened.
# parse/obj: could not be stat'd.
# philo_utils_bonus.o: could not be stat'd.
# parser_error_bonus.c: could not be stat'd.
# parser_bonus.c: could not be stat'd.
# a.out (device 16777225, inode 3773985): could not be opened.
# ./parse/obj: could not be stat'd.
# test.c (device 16777225, inode 3773909): could not be opened.
# philo_bonus.c (device 16777225, inode 3771535): could not be opened.
# parse (device 16777225, inode 3771531): 5 files, no impossibilities.
# philo_die_bonus.c (device 16777225, inode 3771537): could not be opened.
# ./obj/obj: could not be stat'd.
# obj/obj: could not be stat'd.
# philo_init_bonus.o: could not be stat'd.
# ./parse (device 16777225, inode 3771531): 5 files, no impossibilities.
# error.c (device 16777225, inode 3771530): could not be opened.

# 44 files, 1 impossibilities in 30 directories.

# Implicit Rules

obj/%.o: %.c
#  commands to execute (from `Makefile', line 38):
	mkdir -p $(OBJ_DIR)
	$(CC) $(CC_FLAG) -g -c $< -o $@
	

# 1 implicit rules, 0 (0.0%) terminal.

# Files

# Not a target:
obj/error_bonus.o:
#  Implicit rule search has been done.
#  File does not exist.
#  File has not been updated.
# variable set hash-table stats:
# Load=0/32=0%, Rehash=0, Collisions=0/0=0%

# Not a target:
parse/parser_error_bonus.c:
#  Implicit rule search has been done.
#  Last modified 2022-08-03 14:47:08
#  File has been updated.
#  Successfully updated.
# variable set hash-table stats:
# Load=0/32=0%, Rehash=0, Collisions=0/0=0%

obj/parser_error_bonus.o: parse/parser_error_bonus.c
#  Implicit rule search has been done.
#  Implicit/static pattern stem: `parser_error_bonus'
#  Last modified 2022-08-03 14:47:53
#  File has been updated.
#  Successfully updated.
# variable set hash-table stats:
# Load=0/32=0%, Rehash=0, Collisions=0/0=0%
#  commands to execute (from `Makefile', line 38):
	mkdir -p $(OBJ_DIR)
	$(CC) $(CC_FLAG) -g -c $< -o $@
	

obj/philo_die_bonus.o: philo_die_bonus.c
#  Implicit rule search has been done.
#  Implicit/static pattern stem: `philo_die_bonus'
#  Last modified 2022-08-03 14:47:53
#  File has been updated.
#  Successfully updated.
# variable set hash-table stats:
# Load=0/32=0%, Rehash=0, Collisions=0/0=0%
#  commands to execute (from `Makefile', line 38):
	mkdir -p $(OBJ_DIR)
	$(CC) $(CC_FLAG) -g -c $< -o $@
	

all: philo_bonus
#  Command-line target.
#  Implicit rule search has been done.
#  File does not exist.
#  File has not been updated.
# variable set hash-table stats:
# Load=0/32=0%, Rehash=0, Collisions=0/0=0%

.Phony: all clean fclean re
#  Implicit rule search has not been done.
#  Modification time never checked.
#  File has not been updated.

# Not a target:
philo_bonus.c:
#  Implicit rule search has been done.
#  Last modified 2022-08-03 14:37:20
#  File has been updated.
#  Successfully updated.
# variable set hash-table stats:
# Load=0/32=0%, Rehash=0, Collisions=0/0=0%

# Not a target:
.SUFFIXES:
#  Implicit rule search has not been done.
#  Modification time never checked.
#  File has not been updated.

# Not a target:
Makefile:
#  Implicit rule search has been done.
#  Last modified 2022-08-03 14:47:51
#  File has been updated.
#  Successfully updated.
# variable set hash-table stats:
# Load=0/32=0%, Rehash=0, Collisions=0/0=0%

debug:
#  Implicit rule search has not been done.
#  Modification time never checked.
#  File has not been updated.
#  commands to execute (from `Makefile', line 58):
	$(CC) $(CC_FLAG) -g -o $(NAME) $(DEBUG_SRCS)
	

obj/philo_bonus.o: philo_bonus.c
 
#  Implicit rule search has been done.
#  Implicit/static pattern stem: `philo_bonus'
#  Last modified 2022-08-03 14:47:53
#  File has been updated.
#  Successfully updated.
# variable set hash-table stats:
# Load=0/32=0%, Rehash=0, Collisions=0/0=0%
#  commands to execute (from `Makefile', line 38):
	mkdir -p $(OBJ_DIR)
	$(CC) $(CC_FLAG) -g -c $< -o $@
	

# Not a target:
philo_init_bonus.c:
#  Implicit rule search has been done.
#  Last modified 2022-08-03 14:37:00
#  File has been updated.
#  Successfully updated.
# variable set hash-table stats:
# Load=0/32=0%, Rehash=0, Collisions=0/0=0%

# Not a target:
obj/utils_bonus.o:
#  Implicit rule search has not been done.
#  Modification time never checked.
#  File has not been updated.

obj/philo_init_bonus.o: philo_init_bonus.c
#  Implicit rule search has been done.
#  Implicit/static pattern stem: `philo_init_bonus'
#  Last modified 2022-08-03 14:47:53
#  File has been updated.
#  Successfully updated.
# variable set hash-table stats:
# Load=0/32=0%, Rehash=0, Collisions=0/0=0%
#  commands to execute (from `Makefile', line 38):
	mkdir -p $(OBJ_DIR)
	$(CC) $(CC_FLAG) -g -c $< -o $@
	

fclean:
#  Implicit rule search has not been done.
#  Modification time never checked.
#  File has not been updated.
#  commands to execute (from `Makefile', line 50):
	make clean
	$(RM) $(RM_FLAG) $(NAME)
	

# Not a target:
.DEFAULT:
#  Implicit rule search has not been done.
#  Modification time never checked.
#  File has not been updated.

re:
#  Implicit rule search has not been done.
#  Modification time never checked.
#  File has not been updated.
#  commands to execute (from `Makefile', line 54):
	make fclean
	make
	

clean:
#  Implicit rule search has not been done.
#  Modification time never checked.
#  File has not been updated.
#  commands to execute (from `Makefile', line 47):
	$(RM) $(RM_FLAG) $(OBJ_DIR)
	

# Not a target:
obj/thread_bonus.o:
#  Implicit rule search has not been done.
#  Modification time never checked.
#  File has not been updated.

# Not a target:
parse/parser_bonus.c:
#  Implicit rule search has been done.
#  Last modified 2022-08-03 14:47:10
#  File has been updated.
#  Successfully updated.
# variable set hash-table stats:
# Load=0/32=0%, Rehash=0, Collisions=0/0=0%

obj/parser_bonus.o: parse/parser_bonus.c
#  Implicit rule search has been done.
#  Implicit/static pattern stem: `parser_bonus'
#  Last modified 2022-08-03 14:47:53
#  File has been updated.
#  Successfully updated.
# variable set hash-table stats:
# Load=0/32=0%, Rehash=0, Collisions=0/0=0%
#  commands to execute (from `Makefile', line 38):
	mkdir -p $(OBJ_DIR)
	$(CC) $(CC_FLAG) -g -c $< -o $@
	

# Not a target:
philo_utils_bonus.c:
#  Implicit rule search has been done.
#  Last modified 2022-08-03 14:47:39
#  File has been updated.
#  Successfully updated.
# variable set hash-table stats:
# Load=0/32=0%, Rehash=0, Collisions=0/0=0%

philo_bonus: obj/philo_bonus.o obj/philo_init_bonus.o obj/philo_utils_bonus.o obj/philo_die_bonus.o obj/parser_bonus.o obj/parser_atoi_bonus.o obj/parser_error_bonus.o obj/error_bonus.o obj/utils_bonus.o obj/thread_bonus.o
#  Implicit rule search has not been done.
#  File does not exist.
#  File has not been updated.
# variable set hash-table stats:
# Load=0/32=0%, Rehash=0, Collisions=0/0=0%
#  commands to execute (from `Makefile', line 44):
	$(CC) $(CC_FLAG) -o $@ $^
	

# Not a target:
philo_die_bonus.c:
#  Implicit rule search has been done.
#  Last modified 2022-08-03 14:47:43
#  File has been updated.
#  Successfully updated.
# variable set hash-table stats:
# Load=0/32=0%, Rehash=0, Collisions=0/0=0%

obj/philo_utils_bonus.o: philo_utils_bonus.c
#  Implicit rule search has been done.
#  Implicit/static pattern stem: `philo_utils_bonus'
#  Last modified 2022-08-03 14:47:53
#  File has been updated.
#  Successfully updated.
# variable set hash-table stats:
# Load=0/32=0%, Rehash=0, Collisions=0/0=0%
#  commands to execute (from `Makefile', line 38):
	mkdir -p $(OBJ_DIR)
	$(CC) $(CC_FLAG) -g -c $< -o $@
	

# Not a target:
parse/parser_atoi_bonus.c:
#  Implicit rule search has been done.
#  Last modified 2022-08-03 14:47:14
#  File has been updated.
#  Successfully updated.
# variable set hash-table stats:
# Load=0/32=0%, Rehash=0, Collisions=0/0=0%

obj/parser_atoi_bonus.o: parse/parser_atoi_bonus.c
#  Implicit rule search has been done.
#  Implicit/static pattern stem: `parser_atoi_bonus'
#  Last modified 2022-08-03 14:47:53
#  File has been updated.
#  Successfully updated.
# variable set hash-table stats:
# Load=0/32=0%, Rehash=0, Collisions=0/0=0%
#  commands to execute (from `Makefile', line 38):
	mkdir -p $(OBJ_DIR)
	$(CC) $(CC_FLAG) -g -c $< -o $@
	

# files hash-table stats:
# Load=27/1024=3%, Rehash=0, Collisions=0/127=0%
# VPATH Search Paths

# No `vpath' search paths.

# General (`VPATH' variable) search path:
# obj:parse:./obj:./parse

# # of strings in strcache: 1
# # of strcache buffers: 1
# strcache size: total = 4096 / max = 4096 / min = 4096 / avg = 4096
# strcache free: total = 4087 / max = 4087 / min = 4087 / avg = 4087

# Finished Make data base on Wed Aug  3 14:48:19 2022

 
