make --dry-run --always-make --keep-going --print-directory
make: Entering directory `/Users/kipark/42_project/42cursus/42_philosophers'
mkdir -p ./obj
cc -Wextra -Wall -Werror -g -c philo/philo.c -o obj/philo.o
mkdir -p ./obj
cc -Wextra -Wall -Werror -g -c philo/philo_init.c -o obj/philo_init.o
mkdir -p ./obj
cc -Wextra -Wall -Werror -g -c philo/philo_utils.c -o obj/philo_utils.o
mkdir -p ./obj
cc -Wextra -Wall -Werror -g -c philo/philo_die.c -o obj/philo_die.o
mkdir -p ./obj
cc -Wextra -Wall -Werror -g -c ./philo/parse/parser.c -o obj/parser.o
mkdir -p ./obj
cc -Wextra -Wall -Werror -g -c ./philo/parse/parser_atoi.c -o obj/parser_atoi.o
mkdir -p ./obj
cc -Wextra -Wall -Werror -g -c ./philo/parse/parser_error.c -o obj/parser_error.o
mkdir -p ./obj
cc -Wextra -Wall -Werror -g -c philo/error.c -o obj/error.o
mkdir -p ./obj
cc -Wextra -Wall -Werror -g -c philo/utils.c -o obj/utils.o
 
mkdir -p ./obj
cc -Wextra -Wall -Werror -g -c philo/thread.c -o obj/thread.o
cc -Wextra -Wall -Werror -o philo/philo obj/philo.o obj/philo_init.o obj/philo_utils.o obj/philo_die.o obj/parser.o obj/parser_atoi.o obj/parser_error.o obj/error.o obj/utils.o obj/thread.o
make: Leaving directory `/Users/kipark/42_project/42cursus/42_philosophers'
 
